<?xml version="1.0" encoding="UTF-8"?>
<!-- Generated by org.testng.reporters.JUnitReportReporter -->
<testsuite skipped="0" hostname="ITEM-S24723" name="test.WeatherCheckTestCases" tests="1" failures="0" timestamp="2020-12-06T22:23:22 IST" time="39.022" errors="0">
  <testcase name="exampleOfTestNgMaven" time="39.022" classname="test.WeatherCheckTestCases"/>
  <system-out/>
</testsuite> <!-- test.WeatherCheckTestCases -->
