<?xml version="1.0" encoding="UTF-8"?>
<!-- Generated by org.testng.reporters.JUnitReportReporter -->
<testsuite skipped="0" hostname="ITEM-S24723" name="test.WeatherCheckTestCases" tests="1" failures="0" timestamp="2020-12-07T09:25:36 IST" time="35.755" errors="0">
  <testcase name="exampleOfTestNgMaven" time="35.755" classname="test.WeatherCheckTestCases"/>
  <system-out/>
</testsuite> <!-- test.WeatherCheckTestCases -->
